<?xml version="1.0" encoding="UTF-8"?>
<!-- Generated by org.testng.reporters.JUnitXMLReporter -->
<testsuite ignored="0" hostname="DESKTOP-JCSH58D" failures="1" tests="2" name="EdgeTest" time="22.254" errors="0" timestamp="2025-03-05T20:55:31 IST">
  <testcase classname="test.TC_002LoginTest" name="loginTest" time="2.668"/>
  <testcase classname="test.TC_002LoginTest" name="loginTest" time="1.623">
    <failure type="java.lang.AssertionError" message="The following asserts failed:
	expected [Please enter a valid email addres] but found [Please enter a valid email address.]">
      <![CDATA[java.lang.AssertionError: The following asserts failed:
expected [Please enter a valid email addres] but found [Please enter a valid email address.]
at pages.HomePage.validateLogin(HomePage.java:58)
at test.TC_002LoginTest.loginTest(TC_002LoginTest.java:27)
at java.base/java.util.ArrayList.forEach(ArrayList.java:1511)
... Removed 29 stack frames]]>
    </failure>
  </testcase> <!-- loginTest -->
</testsuite> <!-- EdgeTest -->
