<?xml version="1.0" encoding="UTF-8"?>
<!-- Generated by org.testng.reporters.JUnitXMLReporter -->
<testsuite ignored="0" hostname="DESKTOP-JCSH58D" failures="1" tests="1" name="EdgeTest" time="2.846" errors="0" timestamp="2025-03-07T18:44:20 IST">
  <testcase classname="test.TC_002LoginTest" name="loginTest" time="2.767">
    <failure type="org.testng.internal.reflect.MethodMatcherException" message="
[public void test.TC_002LoginTest.loginTest(java.lang.String,java.lang.String,java.lang.String) throws java.io.IOException] has no parameters defined but was found to be using a data provider (either explicitly specified or inherited from class level annotation).
Data provider mismatch
Method: loginTest([java.lang.String arg0, java.lang.String arg1, java.lang.String arg2])
Arguments: [(java.lang.String) Leema12345@gmail.com,(java.lang.String) Leema.12345,(java.lang.String) ValidEmailValidPassword,(java.lang.String) Leema12345@gmail.com]">
      <![CDATA[org.testng.internal.reflect.MethodMatcherException: 
[public void test.TC_002LoginTest.loginTest(java.lang.String,java.lang.String,java.lang.String) throws java.io.IOException] has no parameters defined but was found to be using a data provider (either explicitly specified or inherited from class level annotation).
Data provider mismatch
Method: loginTest([java.lang.String arg0, java.lang.String arg1, java.lang.String arg2])
Arguments: [(java.lang.String) Leema12345@gmail.com,(java.lang.String) Leema.12345,(java.lang.String) ValidEmailValidPassword,(java.lang.String) Leema12345@gmail.com]
at java.base/java.util.ArrayList.forEach(ArrayList.java:1511)
... Removed 22 stack frames]]>
    </failure>
  </testcase> <!-- loginTest -->
</testsuite> <!-- EdgeTest -->
