<?xml version="1.0" encoding="UTF-8"?>
<!-- Generated by org.testng.reporters.JUnitXMLReporter -->
<testsuite ignored="0" hostname="DESKTOP-JCSH58D" failures="2" tests="2" name="EdgeTest" time="26.632" errors="0" timestamp="2025-03-07T20:53:34 IST">
  <testcase classname="test.TC_002LoginTest" name="loginTest" time="2.466">
    <failure type="java.lang.AssertionError" message="expected [Leema@123gmail] but found [Leema12345@gmail.com]">
      <![CDATA[java.lang.AssertionError: expected [Leema@123gmail] but found [Leema12345@gmail.com]
at pages.HomePage.validateLogin(HomePage.java:51)
at test.TC_002LoginTest.loginTest(TC_002LoginTest.java:31)
at java.base/java.util.ArrayList.forEach(ArrayList.java:1511)
... Removed 37 stack frames]]>
    </failure>
  </testcase> <!-- loginTest -->
  <testcase classname="test.TC_002LoginTest" name="loginTest" time="1.58">
    <failure type="java.lang.AssertionError" message="The following asserts failed:
	expected [Leema@123gmail] but found [Please enter a valid email address.]">
      <![CDATA[java.lang.AssertionError: The following asserts failed:
expected [Leema@123gmail] but found [Please enter a valid email address.]
at pages.HomePage.validateLogin(HomePage.java:58)
at test.TC_002LoginTest.loginTest(TC_002LoginTest.java:31)
at java.base/java.util.ArrayList.forEach(ArrayList.java:1511)
... Removed 33 stack frames]]>
    </failure>
  </testcase> <!-- loginTest -->
</testsuite> <!-- EdgeTest -->
