<?xml version="1.0" encoding="UTF-8"?>
<testng-results ignored="0" total="6" passed="6" failed="0" skipped="0">
  <reporter-output>
  </reporter-output>
  <suite started-at="2025-03-03T21:10:55 IST" name="Default suite" finished-at="2025-03-03T21:10:56 IST" duration-ms="246">
    <groups>
    </groups>
    <test started-at="2025-03-03T21:10:55 IST" name="Default test" finished-at="2025-03-03T21:10:56 IST" duration-ms="246">
      <class name="test.AttributeExamples">
        <test-method signature="signUpTest()[pri:0, instance:test.AttributeExamples@4c371370]" started-at="2025-03-03T21:10:55 IST" name="signUpTest" finished-at="2025-03-03T21:10:56 IST" duration-ms="19" status="PASS">
          <reporter-output>
          </reporter-output>
        </test-method> <!-- signUpTest -->
        <test-method signature="signUpTest()[pri:0, instance:test.AttributeExamples@4c371370]" started-at="2025-03-03T21:10:55 IST" name="signUpTest" finished-at="2025-03-03T21:10:56 IST" duration-ms="21" status="PASS">
          <reporter-output>
          </reporter-output>
        </test-method> <!-- signUpTest -->
        <test-method signature="signUpTest()[pri:0, instance:test.AttributeExamples@4c371370]" started-at="2025-03-03T21:10:56 IST" name="signUpTest" finished-at="2025-03-03T21:10:56 IST" duration-ms="18" status="PASS">
          <reporter-output>
          </reporter-output>
        </test-method> <!-- signUpTest -->
        <test-method signature="signUpTest()[pri:0, instance:test.AttributeExamples@4c371370]" started-at="2025-03-03T21:10:56 IST" name="signUpTest" finished-at="2025-03-03T21:10:56 IST" duration-ms="14" status="PASS">
          <reporter-output>
          </reporter-output>
        </test-method> <!-- signUpTest -->
        <test-method signature="signUpTest()[pri:0, instance:test.AttributeExamples@4c371370]" started-at="2025-03-03T21:10:56 IST" name="signUpTest" finished-at="2025-03-03T21:10:56 IST" duration-ms="9" status="PASS">
          <reporter-output>
          </reporter-output>
        </test-method> <!-- signUpTest -->
        <test-method signature="loginTest()[pri:0, instance:test.AttributeExamples@4c371370]" started-at="2025-03-03T21:10:56 IST" name="loginTest" finished-at="2025-03-03T21:10:56 IST" depends-on-methods="test.AttributeExamples.signUpTest" duration-ms="6" status="PASS">
          <reporter-output>
          </reporter-output>
        </test-method> <!-- loginTest -->
      </class> <!-- test.AttributeExamples -->
    </test> <!-- Default test -->
  </suite> <!-- Default suite -->
</testng-results>
